[17.11.2022 13:37:46] Connectée à badsty#7436. Lancement du script.
[17.11.2022 13:37:46] 1. Vérification des données générales
[17.11.2022 13:37:46] 2. Vérification des données de catégorie
[17.11.2022 13:37:46] 3. Vérification des données de canal de texte
[17.11.2022 13:37:46] 4. Vérification des données du canal vocal
[17.11.2022 13:37:46] 5. Enregistrement des données de guilde dans un fichier
[17.11.2022 13:37:46] 6. Vérification terminée et données sauvegardées
[17.11.2022 13:37:46] 7. Suppression des salons
[17.11.2022 13:37:46] 8. Nouveau nettoyage de guilde terminé
[17.11.2022 13:37:46] 9. Définition des données générales
[17.11.2022 13:37:47] 10. Créations des catégories
[17.11.2022 13:37:51] 11. Créations des canaux de texte
                    
[17.11.2022 13:38:25] 12. Création salons vocaux
[17.11.2022 13:38:30] 13. Terminé!
[17.11.2022 22:10:28] Connectée à badsty#7436. Lancement du script.
[17.11.2022 22:10:28] 1. Vérification des données générales
[17.11.2022 22:10:28] 2. Vérification des données de catégorie
[17.11.2022 22:10:28] 3. Vérification des données de canal de texte
[17.11.2022 22:10:28] 4. Vérification des données du canal vocal
[17.11.2022 22:10:28] 5. Enregistrement des données de guilde dans un fichier
[17.11.2022 22:10:28] 6. Vérification terminée et données sauvegardées
[17.11.2022 22:10:28] 7. Suppression des salons
[17.11.2022 22:10:28] 8. Nouveau nettoyage de guilde terminé
[17.11.2022 22:10:28] 9. Définition des données générales
[17.11.2022 22:10:29] 10. Créations des catégories
[17.11.2022 22:10:33] 11. Créations des canaux de texte
                    
[17.11.2022 22:10:44] 12. Création salons vocaux
[17.11.2022 22:10:47] 13. Terminé!
[18.11.2022 18:49:04] Connectée à badsty#7436. Lancement du script.
[18.11.2022 18:49:04] 1. Vérification des données générales
[18.11.2022 18:49:04] 2. Vérification des données de catégorie
[18.11.2022 18:49:04] 3. Vérification des données de canal de texte
[18.11.2022 18:49:04] 4. Vérification des données du canal vocal
[18.11.2022 18:49:04] 5. Enregistrement des données de guilde dans un fichier
[18.11.2022 18:49:04] 6. Vérification terminée et données sauvegardées
[18.11.2022 18:49:04] 7. Suppression des salons
[18.11.2022 18:49:04] 8. Nouveau nettoyage de guilde terminé
[18.11.2022 18:49:04] 9. Définition des données générales
[18.11.2022 18:49:06] 10. Créations des catégories
[18.11.2022 18:49:09] 11. Créations des canaux de texte
                    
[18.11.2022 18:49:16] 12. Création salons vocaux
[18.11.2022 18:49:25] 13. Terminé!
